*** Using Compiler 'V5.06 update 5 (build 528)', folder: 'E:\Keil5 MDK\ARM\ARMCC\Bin'
Rebuild target 'TEL_REA'
compiling usart3.c...
compiling stmflash.c...
compiling usb.c...
compiling timer.c...
compiling input.c...
compiling adc.c...
compiling lcd_init.c...
compiling main.c...
compiling delay.c...
compiling sbus.c...
compiling system.c...
compiling ppm.c...
compiling crsf.c...
compiling lcd.c...
assembling startup_stm32f10x_hd.s...
compiling core_cm3.c...
compiling gpio.c...
compiling spi.c...
compiling pwm.c...
compiling stm32f10x_it.c...
compiling stm32f10x_spi.c...
compiling system_stm32f10x.c...
compiling usart.c...
compiling misc.c...
compiling stm32f10x_usart.c...
compiling stm32f10x_gpio.c...
compiling stm32f10x_adc.c...
compiling sys.c...
compiling stm32f10x_tim.c...
compiling stm32f10x_rcc.c...
compiling stm32f10x_dma.c...
compiling stm32f10x_flash.c...
compiling usbuser.c...
compiling usbdesc.c...
compiling usb_hw.c...
compiling usbcore.c...
compiling mavlink.c...
compiling mavlink_usart_fifo.c...
compiling open_tel_mavlink.c...
linking...
Program Size: Code=37424 RO-data=19784 RW-data=584 ZI-data=29752  
FromELF: creating hex file...
"..\OBJ\TEL-REA.axf" - 0 Error(s), 0 Warning(s).
Build Time Elapsed:  00:00:03
